<?xml version="1.0" encoding="UTF-8"?>
<beans xmlns="http://www.springframework.org/schema/beans" xmlns:xsi="http://www.w3.org/2001/XMLSchema-instance"
	xmlns:context="http://www.springframework.org/schema/context"
	xsi:schemaLocation="http://www.springframework.org/schema/beans http://www.springframework.org/schema/beans/spring-beans.xsd
             http://www.springframework.org/schema/context
           http://www.springframework.org/schema/context/spring-context-2.5.xsd"
	default-init-method="init">
	<description>This file contains installation overrides for the
		'regular' channel.
	</description>

	<bean name="ServiceLocator" class="com.ericsson.drutt.ws.client.ServiceLocator">    
	    <property name="url">
	      <description>Url to external UserLookupWebService</description>
	      <value>file:C:\Users\eiltpeh\git\sprintsc-repo\design\runtime-jars\msdp-suc\src\test\resources\EsbCommandService.wsdl</value>
	    </property>
	    <property name="wsUser">
	      <description>Username for logon to external UserLookupWebService</description>
	      <null/>
	    </property>
	    <property name="wsPassword">
	      <description>Password for logon to external UserLookupWebService</description>
	      <null/>
	    </property>
  	</bean>
</beans>